<?xml version="1.0" encoding="UTF-8"?>
<!-- Generated by org.testng.reporters.JUnitReportReporter -->
<testsuite hostname="WS-KB-CRYPTO005" name="com.example.tests.LoginTest" tests="1" failures="0" timestamp="9 Mar 2016 09:46:18 GMT" time="2.190" errors="0">
  <testcase name="loginTest" time="2.190" classname="com.example.tests.LoginTest"/>
</testsuite> <!-- com.example.tests.LoginTest -->
