<?xml version="1.0" encoding="UTF-8" ?>
<testsuite errors="1" failures="0" hostname="AntonM" name="com.example.tests.AddNewFilmTest" skipped="0" tests="1" time="0.0" timestamp="2016-04-14T19:42:41">
  <properties>
    <property name="java.vendor" value="Oracle Corporation" />
    <property name="sun.java.launcher" value="SUN_STANDARD" />
    <property name="sun.management.compiler" value="HotSpot 64-Bit Tiered Compilers" />
    <property name="env.COMMANDER_DRIVE" value="C:" />
    <property name="env.PROMPT" value="$P$G" />
    <property name="env.COMMANDER_PATH" value="C:\total_commander" />
    <property name="os.name" value="Windows 7" />
    <property name="env.FP_NO_HOST_CHECK" value="NO" />
    <property name="sun.boot.class.path" value="C:\Program Files\Java\jre1.8.0_74\lib\charsets.jar;C:\Program Files\Java\jre1.8.0_74\lib\deploy.jar;C:\Program Files\Java\jre1.8.0_74\lib\javaws.jar;C:\Program Files\Java\jre1.8.0_74\lib\jce.jar;C:\Program Files\Java\jre1.8.0_74\lib\jfr.jar;C:\Program Files\Java\jre1.8.0_74\lib\jfxswt.jar;C:\Program Files\Java\jre1.8.0_74\lib\jsse.jar;C:\Program Files\Java\jre1.8.0_74\lib\management-agent.jar;C:\Program Files\Java\jre1.8.0_74\lib\plugin.jar;C:\Program Files\Java\jre1.8.0_74\lib\resources.jar;C:\Program Files\Java\jre1.8.0_74\lib\rt.jar;C:\Program Files\Java\jre1.8.0_74\lib\ext\access-bridge-64.jar;C:\Program Files\Java\jre1.8.0_74\lib\ext\cldrdata.jar;C:\Program Files\Java\jre1.8.0_74\lib\ext\dnsns.jar;C:\Program Files\Java\jre1.8.0_74\lib\ext\jaccess.jar;C:\Program Files\Java\jre1.8.0_74\lib\ext\jfxrt.jar;C:\Program Files\Java\jre1.8.0_74\lib\ext\localedata.jar;C:\Program Files\Java\jre1.8.0_74\lib\ext\nashorn.jar;C:\Program Files\Java\jre1.8.0_74\lib\ext\sunec.jar;C:\Program Files\Java\jre1.8.0_74\lib\ext\sunjce_provider.jar;C:\Program Files\Java\jre1.8.0_74\lib\ext\sunmscapi.jar;C:\Program Files\Java\jre1.8.0_74\lib\ext\sunpkcs11.jar;C:\Program Files\Java\jre1.8.0_74\lib\ext\zipfs.jar" />
    <property name="env.COMPUTERNAME" value="ANTONM" />
    <property name="env.CommonProgramW6432" value="C:\Program Files\Common Files" />
    <property name="env.ALLUSERSPROFILE" value="C:\ProgramData" />
    <property name="sun.desktop" value="windows" />
    <property name="java.vm.specification.vendor" value="Oracle Corporation" />
    <property name="ant.home" value="d:\Tools\apache-ant-1.9.6\bin\.." />
    <property name="java.runtime.version" value="1.8.0_74-b02" />
    <property name="env.HOMEPATH" value="\Users\Lenovo" />
    <property name="user.name" value="Lenovo" />
    <property name="env.QTJAVA" value="C:\Program Files (x86)\Java\jre6\lib\ext\QTJava.zip" />
    <property name="ant.file.selenium-test-project" value="d:\Selenium\selenium_learn\selenium-test-project\build.xml" />
    <property name="user.language" value="ru" />
    <property name="env.windows_tracing_flags" value="3" />
    <property name="sun.boot.library.path" value="C:\Program Files\Java\jre1.8.0_74\bin" />
    <property name="ant.project.default-target" value="build" />
    <property name="ant.project.name" value="selenium-test-project" />
    <property name="java.version" value="1.8.0_74" />
    <property name="env.PROCESSOR_IDENTIFIER" value="Intel64 Family 6 Model 42 Stepping 7, GenuineIntel" />
    <property name="user.timezone" value="" />
    <property name="env.asl.log" value="Destination=file" />
    <property name="env.TEMP" value="C:\Users\Lenovo\AppData\Local\Temp" />
    <property name="sun.arch.data.model" value="64" />
    <property name="java.endorsed.dirs" value="C:\Program Files\Java\jre1.8.0_74\lib\endorsed" />
    <property name="env._JAVACMD" value="java.exe" />
    <property name="sun.cpu.isalist" value="amd64" />
    <property name="env.HOMEDRIVE" value="C:" />
    <property name="sun.jnu.encoding" value="Cp1251" />
    <property name="file.encoding.pkg" value="sun.io" />
    <property name="env.VS110COMNTOOLS" value="C:\Program Files (x86)\Common7\Tools\" />
    <property name="ECLIPSE_HOME" value="D:/eclipse/" />
    <property name="file.separator" value="\" />
    <property name="java.specification.name" value="Java Platform API Specification" />
    <property name="java.class.version" value="52.0" />
    <property name="user.country" value="RU" />
    <property name="java.home" value="C:\Program Files\Java\jre1.8.0_74" />
    <property name="env.PSModulePath" value="C:\windows\system32\WindowsPowerShell\v1.0\Modules\;C:\Program Files (x86)\Microsoft SQL Server\110\Tools\PowerShell\Modules\" />
    <property name="env.APPDATA" value="C:\Users\Lenovo\AppData\Roaming" />
    <property name="env.PUBLIC" value="C:\Users\Public" />
    <property name="env.windows_tracing_logfile" value="C:\BVTBin\Tests\installpackage\csilogfile.log" />
    <property name="java.vm.info" value="mixed mode" />
    <property name="env.ComSpec" value="C:\windows\system32\cmd.exe" />
    <property name="env.OS" value="Windows_NT" />
    <property name="env.CommonProgramFiles" value="C:\Program Files\Common Files" />
    <property name="ant.file" value="d:\Selenium\selenium_learn\selenium-test-project\build.xml" />
    <property name="os.version" value="6.1" />
    <property name="env.ProgramW6432" value="C:\Program Files" />
    <property name="env._USE_CLASSPATH" value="yes" />
    <property name="env.=::" value="::\" />
    <property name="path.separator" value=";" />
    <property name="java.vm.version" value="25.74-b02" />
    <property name="env.COMMANDER_EXE" value="C:\total_commander\TOTALCMD64.EXE" />
    <property name="env.USERPROFILE" value="C:\Users\Lenovo" />
    <property name="user.variant" value="" />
    <property name="ant.library.dir" value="D:\Tools\apache-ant-1.9.6\lib" />
    <property name="junit.output.dir" value="junit" />
    <property name="env.JAVA_HOME" value="C:\Program Files\Java\jre1.8.0_74\;" />
    <property name="java.awt.printerjob" value="sun.awt.windows.WPrinterJob" />
    <property name="env.TMP" value="C:\Users\Lenovo\AppData\Local\Temp" />
    <property name="sun.io.unicode.encoding" value="UnicodeLittle" />
    <property name="ant.file.type.selenium-test-project" value="file" />
    <property name="awt.toolkit" value="sun.awt.windows.WToolkit" />
    <property name="sun.stdout.encoding" value="cp866" />
    <property name="user.script" value="" />
    <property name="target" value="1.7" />
    <property name="user.home" value="C:\Users\Lenovo" />
    <property name="env.ProgramData" value="C:\ProgramData" />
    <property name="env.ProgramFiles(x86)" value="C:\Program Files (x86)" />
    <property name="env.SESSIONNAME" value="Console" />
    <property name="java.specification.vendor" value="Oracle Corporation" />
    <property name="env.CLASSPATH" value=".;C:\Program Files (x86)\Java\jre6\lib\ext\QTJava.zip" />
    <property name="java.vendor.url" value="http://java.oracle.com/" />
    <property name="java.library.path" value="C:\Program Files\Java\jre1.8.0_74\bin;C:\windows\Sun\Java\bin;C:\windows\system32;C:\windows;C:\ProgramData\Oracle\Java\javapath;C:\Program Files\Common Files\Microsoft Shared\Windows Live;C:\Program Files (x86)\Common Files\Microsoft Shared\Windows Live;C:\Program Files (x86)\NVIDIA Corporation\PhysX\Common;C:\windows\system32;C:\windows;C:\windows\System32\Wbem;C:\windows\System32\WindowsPowerShell\v1.0\;C:\Program Files\Intel\DMIX;C:\Program Files\Lenovo\Bluetooth Software\;C:\Program Files\Lenovo\Bluetooth Software\syswow64;C:\Program Files\Broadcom\WHL\;C:\Program Files\Broadcom\WHL\syswow64;C:\Program Files\Broadcom\WHL\SysWow64\;C:\Program Files\Broadcom\WHL\SysWow64\syswow64;C:\Program Files (x86)\Windows Live\Shared;C:\Program Files\Microsoft\Web Platform Installer\;C:\Program Files (x86)\Microsoft ASP.NET\ASP.NET Web Pages\v1.0\;C:\Program Files (x86)\Microsoft SQL Server\110\Tools\Binn\;C:\Program Files\Microsoft SQL Server\110\Tools\Binn\;C:\Program Files\Microsoft SQL Server\110\DTS\Binn\;C:\Program Files (x86)\QuickTime\QTSystem\;%TFSPowerToolDir%;%BPADir%;C:\Program Files (x86)\Skype\Phone\;D:\eclipse\;;." />
    <property name="env.NUMBER_OF_PROCESSORS" value="8" />
    <property name="java.vm.vendor" value="Oracle Corporation" />
    <property name="java.runtime.name" value="Java(TM) SE Runtime Environment" />
    <property name="ant.version" value="Apache Ant(TM) version 1.9.6 compiled on June 29 2015" />
    <property name="sun.java.command" value="org.apache.tools.ant.taskdefs.optional.junit.JUnitTestRunner com.example.tests.AddNewFilmTest skipNonTests=false filtertrace=true haltOnError=false haltOnFailure=false formatter=org.apache.tools.ant.taskdefs.optional.junit.OutErrSummaryJUnitResultFormatter showoutput=false outputtoformatters=true logfailedtests=true threadid=0 logtestlistenerevents=false formatter=org.apache.tools.ant.taskdefs.optional.junit.XMLJUnitResultFormatter,d:\Selenium\selenium_learn\selenium-test-project\junit\TEST-com.example.tests.AddNewFilmTest.xml crashfile=d:\Selenium\selenium_learn\selenium-test-project\junitvmwatcher8081239115524453505.properties propsfile=d:\Selenium\selenium_learn\selenium-test-project\junit3916595575404987048.properties" />
    <property name="java.class.path" value="d:\eclipse\selenium-server-standalone-2.51.0.jar;D:\eclipse\plugins\org.testng.eclipse_6.9.10.201512240000\lib\testng.jar;D:\eclipse\plugins\org.testng.eclipse_6.9.10.201512240000\lib\jcommander.jar;D:\eclipse\plugins\org.testng.eclipse_6.9.10.201512240000\lib\bsh-2.0b4.jar;D:\eclipse\plugins\org.testng.eclipse_6.9.10.201512240000\lib\snakeyaml.jar;d:\Selenium\selenium_learn\selenium-test-project;C:\Program Files (x86)\Java\jre6\lib\ext\QTJava.zip;D:\Tools\apache-ant-1.9.6\lib\ant-launcher.jar;D:\Tools\apache-ant-1.9.6\lib\ant.jar;D:\Tools\apache-ant-1.9.6\lib\ant-junit.jar;D:\Tools\apache-ant-1.9.6\lib\ant-junit4.jar" />
    <property name="java.vm.specification.name" value="Java Virtual Machine Specification" />
    <property name="ant.file.type" value="file" />
    <property name="env.LOGONSERVER" value="\\ANTONM" />
    <property name="env.windir" value="C:\windows" />
    <property name="env.PROCESSOR_ARCHITECTURE" value="AMD64" />
    <property name="java.vm.specification.version" value="1.8" />
    <property name="sun.os.patch.level" value="Service Pack 1" />
    <property name="sun.cpu.endian" value="little" />
    <property name="debuglevel" value="source,lines,vars" />
    <property name="env.ANT_HOME" value="d:\Tools\apache-ant-1.9.6\bin\.." />
    <property name="env.ProgramFiles" value="C:\Program Files" />
    <property name="env.PROCESSOR_REVISION" value="2a07" />
    <property name="java.io.tmpdir" value="C:\Users\Lenovo\AppData\Local\Temp\" />
    <property name="env.CommonProgramFiles(x86)" value="C:\Program Files (x86)\Common Files" />
    <property name="java.vendor.url.bug" value="http://bugreport.sun.com/bugreport/" />
    <property name="env.SystemRoot" value="C:\windows" />
    <property name="env.ANT_CMD_LINE_ARGS" value=" Add_new_film" />
    <property name="os.arch" value="amd64" />
    <property name="java.awt.graphicsenv" value="sun.awt.Win32GraphicsEnvironment" />
    <property name="env.=D:" value="d:\Selenium\selenium_learn\selenium-test-project" />
    <property name="java.ext.dirs" value="C:\Program Files\Java\jre1.8.0_74\lib\ext;C:\windows\Sun\Java\lib\ext" />
    <property name="user.dir" value="d:\Selenium\selenium_learn\selenium-test-project" />
    <property name="env.LOCALAPPDATA" value="C:\Users\Lenovo\AppData\Local" />
    <property name="line.separator" value="&#xd;&#xa;" />
    <property name="java.vm.name" value="Java HotSpot(TM) 64-Bit Server VM" />
    <property name="env.PATHEXT" value=".COM;.EXE;.BAT;.CMD;.VBS;.VBE;.JS;.JSE;.WSF;.WSH;.MSC" />
    <property name="env.Path" value="C:\ProgramData\Oracle\Java\javapath;C:\Program Files\Common Files\Microsoft Shared\Windows Live;C:\Program Files (x86)\Common Files\Microsoft Shared\Windows Live;C:\Program Files (x86)\NVIDIA Corporation\PhysX\Common;C:\windows\system32;C:\windows;C:\windows\System32\Wbem;C:\windows\System32\WindowsPowerShell\v1.0\;C:\Program Files\Intel\DMIX;C:\Program Files\Lenovo\Bluetooth Software\;C:\Program Files\Lenovo\Bluetooth Software\syswow64;C:\Program Files\Broadcom\WHL\;C:\Program Files\Broadcom\WHL\syswow64;C:\Program Files\Broadcom\WHL\SysWow64\;C:\Program Files\Broadcom\WHL\SysWow64\syswow64;C:\Program Files (x86)\Windows Live\Shared;C:\Program Files\Microsoft\Web Platform Installer\;C:\Program Files (x86)\Microsoft ASP.NET\ASP.NET Web Pages\v1.0\;C:\Program Files (x86)\Microsoft SQL Server\110\Tools\Binn\;C:\Program Files\Microsoft SQL Server\110\Tools\Binn\;C:\Program Files\Microsoft SQL Server\110\DTS\Binn\;C:\Program Files (x86)\QuickTime\QTSystem\;%TFSPowerToolDir%;%BPADir%;C:\Program Files (x86)\Skype\Phone\;D:\eclipse\;" />
    <property name="basedir" value="d:\Selenium\selenium_learn\selenium-test-project" />
    <property name="ant.java.version" value="1.8" />
    <property name="ant.core.lib" value="D:\Tools\apache-ant-1.9.6\lib\ant.jar" />
    <property name="env.USERNAME" value="Lenovo" />
    <property name="source" value="1.7" />
    <property name="env.SystemDrive" value="C:" />
    <property name="sun.stderr.encoding" value="cp866" />
    <property name="file.encoding" value="Cp1251" />
    <property name="env.USERDOMAIN" value="ANTONM" />
    <property name="env.COMMANDER_INI" value="C:\Users\Lenovo\AppData\Roaming\GHISLER\wincmd.ini" />
    <property name="java.specification.version" value="1.8" />
    <property name="ant.project.invoked-targets" value="Add_new_film" />
    <property name="env.PROCESSOR_LEVEL" value="6" />
  </properties>
  <error message="com.example.tests.AddNewFilmTest" type="java.lang.ClassNotFoundException">java.lang.ClassNotFoundException: com.example.tests.AddNewFilmTest
	at java.net.URLClassLoader.findClass(Unknown Source)
	at java.lang.ClassLoader.loadClass(Unknown Source)
	at sun.misc.Launcher$AppClassLoader.loadClass(Unknown Source)
	at java.lang.ClassLoader.loadClass(Unknown Source)
	at java.lang.Class.forName0(Native Method)
	at java.lang.Class.forName(Unknown Source)
</error>
  <system-out><![CDATA[]]></system-out>
  <system-err><![CDATA[]]></system-err>
</testsuite>
